0 info it worked if it ends with ok
1 verbose cli [ 'E:\\Program Files\\nodejs\\node.exe',
1 verbose cli   'E:\\Program Files\\nodejs\\node_modules\\npm\\bin\\npm-cli.js',
1 verbose cli   'run',
1 verbose cli   'start-dev' ]
2 info using npm@3.8.3
3 info using node@v5.10.1
4 verbose run-script [ 'prestart-dev', 'start-dev', 'poststart-dev' ]
5 info lifecycle huibao@1.0.0~prestart-dev: huibao@1.0.0
6 silly lifecycle huibao@1.0.0~prestart-dev: no script for prestart-dev, continuing
7 info lifecycle huibao@1.0.0~start-dev: huibao@1.0.0
8 verbose lifecycle huibao@1.0.0~start-dev: unsafe-perm in lifecycle true
9 verbose lifecycle huibao@1.0.0~start-dev: PATH: E:\Program Files\nodejs\node_modules\npm\bin\node-gyp-bin;E:\evan-work\huibao\node_modules\.bin;E:\Program Files\nodejs;C:\Program Files\Git\mingw64\bin;C:\Program Files\Git\usr\bin;C:\Users\evan\bin;C:\ProgramData\Oracle\Java\javapath;C:\Windows\system32;C:\Windows;C:\Windows\System32\Wbem;C:\Windows\System32\WindowsPowerShell\v1.0;E:\Program Files\nodejs;C:\Program Files\Git\cmd;C:\Users\evan\AppData\Local\atom\bin;C:\Users\evan\AppData\Roaming\npm;C:\Program Files\Git\usr\bin;C:\Program Files\Java\scala-2.11.8\bin;C:\Program Files\Java\sbt-0.13.8\bin;C:\Python27;C:\Program Files\Java\jdk1.8.0_45\bin
10 verbose lifecycle huibao@1.0.0~start-dev: CWD: E:\evan-work\huibao
11 silly lifecycle huibao@1.0.0~start-dev: Args: [ '/d /s /c', 'nodemon -e js,json,html app.js' ]
12 silly lifecycle huibao@1.0.0~start-dev: Returned: code: 1  signal: null
13 info lifecycle huibao@1.0.0~start-dev: Failed to exec start-dev script
14 verbose stack Error: huibao@1.0.0 start-dev: `nodemon -e js,json,html app.js`
14 verbose stack Exit status 1
14 verbose stack     at EventEmitter.<anonymous> (E:\Program Files\nodejs\node_modules\npm\lib\utils\lifecycle.js:239:16)
14 verbose stack     at emitTwo (events.js:100:13)
14 verbose stack     at EventEmitter.emit (events.js:185:7)
14 verbose stack     at ChildProcess.<anonymous> (E:\Program Files\nodejs\node_modules\npm\lib\utils\spawn.js:24:14)
14 verbose stack     at emitTwo (events.js:100:13)
14 verbose stack     at ChildProcess.emit (events.js:185:7)
14 verbose stack     at maybeClose (internal/child_process.js:850:16)
14 verbose stack     at Process.ChildProcess._handle.onexit (internal/child_process.js:215:5)
15 verbose pkgid huibao@1.0.0
16 verbose cwd E:\evan-work\huibao
17 error Windows_NT 10.0.10586
18 error argv "E:\\Program Files\\nodejs\\node.exe" "E:\\Program Files\\nodejs\\node_modules\\npm\\bin\\npm-cli.js" "run" "start-dev"
19 error node v5.10.1
20 error npm  v3.8.3
21 error code ELIFECYCLE
22 error huibao@1.0.0 start-dev: `nodemon -e js,json,html app.js`
22 error Exit status 1
23 error Failed at the huibao@1.0.0 start-dev script 'nodemon -e js,json,html app.js'.
23 error Make sure you have the latest version of node.js and npm installed.
23 error If you do, this is most likely a problem with the huibao package,
23 error not with npm itself.
23 error Tell the author that this fails on your system:
23 error     nodemon -e js,json,html app.js
23 error You can get information on how to open an issue for this project with:
23 error     npm bugs huibao
23 error Or if that isn't available, you can get their info via:
23 error     npm owner ls huibao
23 error There is likely additional logging output above.
24 verbose exit [ 1, true ]
